<?xml version="1.0" encoding="UTF-8"?>
<!-- Generated by org.testng.reporters.JUnitReportReporter -->
<testsuite hostname="TYP1784" failures="0" tests="6" name="TestCase_to_TestScripts.DWS_using_testNG" time="38.519" errors="0" timestamp="2023-02-21T09:31:32 IST" skipped="0">
  <testcase classname="TestCase_to_TestScripts.DWS_using_testNG" name="Login" time="6.080"/>
  <system-out/>
  <testcase classname="TestCase_to_TestScripts.DWS_using_testNG" name="Login" time="6.263"/>
  <system-out/>
  <testcase classname="TestCase_to_TestScripts.DWS_using_testNG" name="Login" time="6.021"/>
  <system-out/>
  <testcase classname="TestCase_to_TestScripts.DWS_using_testNG" name="Login" time="8.156"/>
  <system-out/>
  <testcase classname="TestCase_to_TestScripts.DWS_using_testNG" name="Login" time="6.281"/>
  <system-out/>
  <testcase classname="TestCase_to_TestScripts.DWS_using_testNG" name="Login" time="5.718"/>
  <system-out/>
</testsuite> <!-- TestCase_to_TestScripts.DWS_using_testNG -->
