<?xml version="1.0" encoding="UTF-8"?>
<!-- Generated by org.testng.reporters.JUnitReportReporter -->
<testsuite hostname="TYP1784" failures="0" tests="1" name="Car.BMW_using_BE" time="12.718" errors="0" timestamp="2023-02-21T11:40:17 IST" skipped="0">
  <testcase classname="Car.BMW_using_BE" name="BMW" time="12.718"/>
  <system-out>
opening BMW  </system-out>
</testsuite> <!-- Car.BMW_using_BE -->
