<?xml version="1.0" encoding="UTF-8"?>
<!-- Generated by org.testng.reporters.JUnitReportReporter -->
<testsuite hostname="TYP1784" failures="0" tests="1" name="Car.himalaya_jeep" time="3.866" errors="0" timestamp="2023-02-21T16:14:39 IST" skipped="0">
  <testcase classname="Car.himalaya_jeep" name="Jeep" time="3.866"/>
  <system-out>
opening jeep  </system-out>
</testsuite> <!-- Car.himalaya_jeep -->
