<?xml version="1.0" encoding="UTF-8"?>
<!-- Generated by org.testng.reporters.JUnitReportReporter -->
<testsuite hostname="TYP1784" failures="0" tests="1" name="assigment.zomato" time="8.186" errors="0" timestamp="2023-02-21T16:24:18 IST" skipped="0">
  <testcase classname="assigment.zomato" name="otamoz" time="8.186"/>
  <system-out/>
</testsuite> <!-- assigment.zomato -->
