<?xml version="1.0" encoding="UTF-8"?>
<!-- Generated by org.testng.reporters.JUnitReportReporter -->
<testsuite hostname="TYP1784" failures="0" tests="3" name="Data_provider.Actitime" time="231.513" errors="0" timestamp="2023-02-21T20:18:41 IST" skipped="0">
  <testcase classname="Data_provider.Actitime" name="login" time="79.457"/>
  <system-out/>
  <testcase classname="Data_provider.Actitime" name="login" time="82.325"/>
  <system-out/>
  <testcase classname="Data_provider.Actitime" name="login" time="69.731"/>
  <system-out/>
</testsuite> <!-- Data_provider.Actitime -->
