<?xml version="1.0" encoding="UTF-8"?>
<!-- Generated by org.testng.reporters.JUnitReportReporter -->
<testsuite hostname="TYP1784" failures="0" tests="2" name="assigment.configaration_annotations" time="0.014" errors="0" timestamp="2023-02-23T13:50:53 IST" skipped="0">
  <testcase classname="assigment.configaration_annotations" name="Copy" time="0.010"/>
  <system-out/>
  <testcase classname="assigment.configaration_annotations" name="delete" time="0.004"/>
  <system-out/>
</testsuite> <!-- assigment.configaration_annotations -->
