<?xml version="1.0" encoding="UTF-8"?>
<!-- Generated by org.testng.reporters.JUnitReportReporter -->
<testsuite hostname="TYP1784" failures="0" tests="3" name="Unit_Testing_Tool.TC_Dummy_001" time="0.015" errors="0" timestamp="2023-02-20T15:26:13 IST" skipped="0">
  <testcase classname="Unit_Testing_Tool.TC_Dummy_001" name="Login" time="0.011"/>
  <system-out/>
  <testcase classname="Unit_Testing_Tool.TC_Dummy_001" name="deleteUser" time="0.002"/>
  <system-out/>
  <testcase classname="Unit_Testing_Tool.TC_Dummy_001" name="invalidLogin" time="0.002"/>
  <system-out/>
</testsuite> <!-- Unit_Testing_Tool.TC_Dummy_001 -->
