<?xml version="1.0" encoding="UTF-8"?>
<!-- Generated by org.testng.reporters.JUnitReportReporter -->
<testsuite hostname="TYP1784" failures="0" tests="1" name="Unit_Testing_Tool.TC_DWS_001" time="24.073" errors="0" timestamp="2023-02-20T15:34:16 IST" skipped="0">
  <testcase classname="Unit_Testing_Tool.TC_DWS_001" name="Login" time="24.073"/>
  <system-out/>
</testsuite> <!-- Unit_Testing_Tool.TC_DWS_001 -->
