<?xml version="1.0" encoding="UTF-8"?>
<!-- Generated by org.testng.reporters.JUnitReportReporter -->
<testsuite hostname="TYP1784" failures="0" tests="1" name="assigment.property" time="0.022" errors="0" timestamp="2023-02-22T17:16:29 IST" skipped="0">
  <testcase classname="assigment.property" name="property" time="0.022"/>
  <system-out/>
</testsuite> <!-- assigment.property -->
