<?xml version="1.0" encoding="UTF-8"?>
<!-- Generated by org.testng.reporters.JUnitReportReporter -->
<testsuite hostname="TYP1784" failures="0" tests="1" name="DataDriven.Testing" time="1.201" errors="0" timestamp="2023-02-22T16:25:46 IST" skipped="0">
  <testcase classname="DataDriven.Testing" name="imTesting" time="1.201"/>
  <system-out/>
</testsuite> <!-- DataDriven.Testing -->
