<?xml version="1.0" encoding="UTF-8"?>
<!-- Generated by org.testng.reporters.JUnitReportReporter -->
<testsuite hostname="TYP1784" failures="0" tests="1" name="Bike.Bike_BMW" time="4.877" errors="0" timestamp="2023-02-21T16:14:39 IST" skipped="0">
  <testcase classname="Bike.Bike_BMW" name="WMB" time="4.877"/>
  <system-out>
opening  BMW Bike  </system-out>
</testsuite> <!-- Bike.Bike_BMW -->
