<?xml version="1.0" encoding="UTF-8"?>
<!-- Generated by org.testng.reporters.JUnitReportReporter -->
<testsuite hostname="TYP1784" failures="0" tests="3" name="Basic.Account" time="0.017" errors="0" timestamp="2023-02-21T15:33:30 IST" skipped="0">
  <testcase classname="Basic.Account" name="deleteAccount" time="0.002"/>
  <system-out/>
  <testcase classname="Basic.Account" name="editAccount" time="0.004"/>
  <system-out/>
  <testcase classname="Basic.Account" name="createAccount" time="0.011"/>
  <system-out/>
</testsuite> <!-- Basic.Account -->
