<?xml version="1.0" encoding="UTF-8"?>
<!-- Generated by org.testng.reporters.JUnitReportReporter -->
<testsuite hostname="TYP1784" failures="0" tests="1" name="Car.BMW_classic" time="6.170" errors="0" timestamp="2023-02-21T16:14:39 IST" skipped="0">
  <testcase classname="Car.BMW_classic" name="BMW" time="6.170"/>
  <system-out>
opening BMW  </system-out>
</testsuite> <!-- Car.BMW_classic -->
