<?xml version="1.0" encoding="UTF-8"?>
<!-- Generated by org.testng.reporters.JUnitReportReporter -->
<testsuite hostname="TYP1784" failures="0" tests="2" name="Car.Recovery_Range" time="8.122" errors="0" timestamp="2023-02-21T16:14:39 IST" skipped="0">
  <testcase classname="Car.Recovery_Range" name="Range" time="4.364"/>
  <system-out>
opening Range  </system-out>
  <testcase classname="Car.Recovery_Range" name="Range" time="3.758"/>
  <system-out>
opening Range  </system-out>
</testsuite> <!-- Car.Recovery_Range -->
