<?xml version="1.0" encoding="UTF-8"?>
<!-- Generated by org.testng.reporters.JUnitReportReporter -->
<testsuite hostname="TYP1784" failures="0" tests="2" name="Unit_Testing_Tool.Bike" time="44.387" errors="0" timestamp="2023-02-20T17:03:27 IST" skipped="0">
  <testcase classname="Unit_Testing_Tool.Bike" name="KTM" time="22.508"/>
  <system-out/>
  <testcase classname="Unit_Testing_Tool.Bike" name="Yamaha" time="21.879"/>
  <system-out/>
</testsuite> <!-- Unit_Testing_Tool.Bike -->
