<?xml version="1.0" encoding="UTF-8"?>
<!-- Generated by org.testng.reporters.JUnitReportReporter -->
<testsuite hostname="TYP1784" failures="0" tests="1" name="TestCase_to_TestScripts.ShopperStack_TC_001" time="32.261" errors="0" timestamp="2023-02-27T17:26:30 IST" skipped="0">
  <testcase classname="TestCase_to_TestScripts.ShopperStack_TC_001" name="login" time="32.261"/>
  <system-out/>
</testsuite> <!-- TestCase_to_TestScripts.ShopperStack_TC_001 -->
