<?xml version="1.0" encoding="UTF-8"?>
<!-- Generated by org.testng.reporters.JUnitReportReporter -->
<testsuite hostname="TYP1784" failures="0" tests="1" name="Car.mercy_Benz" time="3.826" errors="0" timestamp="2023-02-21T16:14:39 IST" skipped="0">
  <testcase classname="Car.mercy_Benz" name="Benz" time="3.826"/>
  <system-out>
opening mercedes-benz  </system-out>
</testsuite> <!-- Car.mercy_Benz -->
