<?xml version="1.0" encoding="UTF-8"?>
<!-- Generated by org.testng.reporters.JUnitReportReporter -->
<testsuite hostname="TYP1784" failures="0" tests="3" name="Actitime" time="65.174" errors="0" timestamp="2023-02-21T17:43:24 IST" skipped="0">
  <testcase classname="Actitime" name="login" time="22.277"/>
  <system-out/>
  <testcase classname="Actitime" name="login" time="22.339"/>
  <system-out/>
  <testcase classname="Actitime" name="login" time="20.558"/>
  <system-out/>
</testsuite> <!-- Actitime -->
