<?xml version="1.0" encoding="UTF-8"?>
<!-- Generated by org.testng.reporters.JUnitReportReporter -->
<testsuite hostname="TYP1784" failures="0" tests="1" name="Bike.bajaj" time="3.712" errors="0" timestamp="2023-02-21T16:14:39 IST" skipped="0">
  <testcase classname="Bike.bajaj" name="jajab" time="3.712"/>
  <system-out>
opening  bajaj Bike  </system-out>
</testsuite> <!-- Bike.bajaj -->
