<?xml version="1.0" encoding="UTF-8"?>
<!-- Generated by org.testng.reporters.JUnitReportReporter -->
<testsuite hostname="TYP1784" failures="0" tests="1" name="Car.Audi_olampic" time="5.973" errors="0" timestamp="2023-02-21T16:14:39 IST" skipped="0">
  <testcase classname="Car.Audi_olampic" name="Audi" time="5.973"/>
  <system-out>
opening audi  </system-out>
</testsuite> <!-- Car.Audi_olampic -->
