<?xml version="1.0" encoding="UTF-8"?>
<!-- Generated by org.testng.reporters.JUnitReportReporter -->
<testsuite hostname="TYP1784" failures="0" tests="1" name="TestCase_to_TestScripts.DWS_using_end_to_end_testing" time="8.416" errors="0" timestamp="2023-02-24T13:38:19 IST" skipped="0">
  <testcase classname="TestCase_to_TestScripts.DWS_using_end_to_end_testing" name="computers" time="8.416"/>
  <system-out/>
</testsuite> <!-- TestCase_to_TestScripts.DWS_using_end_to_end_testing -->
