<?xml version="1.0" encoding="UTF-8"?>
<!-- Generated by org.testng.reporters.JUnitReportReporter -->
<testsuite hostname="TYP1784" failures="0" tests="1" name="Bike.Old_hero" time="4.430" errors="0" timestamp="2023-02-21T16:14:39 IST" skipped="0">
  <testcase classname="Bike.Old_hero" name="Hero" time="4.430"/>
  <system-out>
opening  hero Bike  </system-out>
</testsuite> <!-- Bike.Old_hero -->
